[0.104s] DEBUG:colcon:Command line arguments: ['/usr/bin/colcon', 'build', '--symlink-install']
[0.104s] DEBUG:colcon:Parsed command line arguments: Namespace(log_base=None, log_level=None, verb_name='build', build_base='build', install_base='install', merge_install=False, symlink_install=True, test_result_base=None, continue_on_error=False, executor='parallel', parallel_workers=16, event_handlers=None, ignore_user_meta=False, metas=['./colcon.meta'], base_paths=['.'], packages_ignore=None, packages_ignore_regex=None, paths=None, packages_up_to=None, packages_up_to_regex=None, packages_above=None, packages_above_and_dependencies=None, packages_above_depth=None, packages_select_by_dep=None, packages_skip_by_dep=None, packages_skip_up_to=None, packages_select_build_failed=False, packages_skip_build_finished=False, packages_select_test_failures=False, packages_skip_test_passed=False, packages_select=None, packages_skip=None, packages_select_regex=None, packages_skip_regex=None, packages_start=None, packages_end=None, allow_overriding=[], cmake_args=None, cmake_target=None, cmake_target_skip_unavailable=False, cmake_clean_cache=False, cmake_clean_first=False, cmake_force_configure=False, ament_cmake_args=None, catkin_cmake_args=None, catkin_skip_building_tests=False, mixin_files=None, mixin=None, verb_parser=<colcon_mixin.mixin.mixin_argument.MixinArgumentDecorator object at 0x7ed2d85887c0>, verb_extension=<colcon_core.verb.build.BuildVerb object at 0x7ed2d850e050>, main=<bound method BuildVerb.main of <colcon_core.verb.build.BuildVerb object at 0x7ed2d850e050>>, mixin_verb=('build',))
[0.286s] Level 1:colcon.colcon_core.package_discovery:discover_packages(colcon_meta) check parameters
[0.286s] Level 1:colcon.colcon_core.package_discovery:discover_packages(recursive) check parameters
[0.286s] Level 1:colcon.colcon_core.package_discovery:discover_packages(ignore) check parameters
[0.286s] Level 1:colcon.colcon_core.package_discovery:discover_packages(path) check parameters
[0.286s] Level 1:colcon.colcon_core.package_discovery:discover_packages(colcon_meta) discover
[0.286s] Level 1:colcon.colcon_core.package_discovery:discover_packages(recursive) discover
[0.286s] INFO:colcon.colcon_core.package_discovery:Crawling recursively for packages in '/home/minato/peer_ws'
[0.286s] Level 1:colcon.colcon_core.package_identification:_identify(.) by extensions ['ignore', 'ignore_ament_install']
[0.287s] Level 1:colcon.colcon_core.package_identification:_identify(.) by extension 'ignore'
[0.287s] Level 1:colcon.colcon_core.package_identification:_identify(.) by extension 'ignore_ament_install'
[0.287s] Level 1:colcon.colcon_core.package_identification:_identify(.) by extensions ['colcon_pkg']
[0.287s] Level 1:colcon.colcon_core.package_identification:_identify(.) by extension 'colcon_pkg'
[0.287s] Level 1:colcon.colcon_core.package_identification:_identify(.) by extensions ['colcon_meta']
[0.287s] Level 1:colcon.colcon_core.package_identification:_identify(.) by extension 'colcon_meta'
[0.287s] Level 1:colcon.colcon_core.package_identification:_identify(.) by extensions ['ros']
[0.287s] Level 1:colcon.colcon_core.package_identification:_identify(.) by extension 'ros'
[0.305s] Level 1:colcon.colcon_core.package_identification:_identify(.) by extensions ['cmake', 'python']
[0.305s] Level 1:colcon.colcon_core.package_identification:_identify(.) by extension 'cmake'
[0.306s] Level 1:colcon.colcon_core.package_identification:_identify(.) by extension 'python'
[0.306s] Level 1:colcon.colcon_core.package_identification:_identify(.) by extensions ['python_setup_py']
[0.306s] Level 1:colcon.colcon_core.package_identification:_identify(.) by extension 'python_setup_py'
[0.306s] Level 1:colcon.colcon_core.package_identification:_identify(build) by extensions ['ignore', 'ignore_ament_install']
[0.306s] Level 1:colcon.colcon_core.package_identification:_identify(build) by extension 'ignore'
[0.306s] Level 1:colcon.colcon_core.package_identification:_identify(build) ignored
[0.306s] Level 1:colcon.colcon_core.package_identification:_identify(install) by extensions ['ignore', 'ignore_ament_install']
[0.306s] Level 1:colcon.colcon_core.package_identification:_identify(install) by extension 'ignore'
[0.306s] Level 1:colcon.colcon_core.package_identification:_identify(install) ignored
[0.306s] Level 1:colcon.colcon_core.package_identification:_identify(log) by extensions ['ignore', 'ignore_ament_install']
[0.306s] Level 1:colcon.colcon_core.package_identification:_identify(log) by extension 'ignore'
[0.306s] Level 1:colcon.colcon_core.package_identification:_identify(log) ignored
[0.306s] Level 1:colcon.colcon_core.package_identification:_identify(peer) by extensions ['ignore', 'ignore_ament_install']
[0.306s] Level 1:colcon.colcon_core.package_identification:_identify(peer) by extension 'ignore'
[0.306s] Level 1:colcon.colcon_core.package_identification:_identify(peer) ignored
[0.306s] Level 1:colcon.colcon_core.package_identification:_identify(src) by extensions ['ignore', 'ignore_ament_install']
[0.306s] Level 1:colcon.colcon_core.package_identification:_identify(src) by extension 'ignore'
[0.306s] Level 1:colcon.colcon_core.package_identification:_identify(src) by extension 'ignore_ament_install'
[0.307s] Level 1:colcon.colcon_core.package_identification:_identify(src) by extensions ['colcon_pkg']
[0.307s] Level 1:colcon.colcon_core.package_identification:_identify(src) by extension 'colcon_pkg'
[0.307s] Level 1:colcon.colcon_core.package_identification:_identify(src) by extensions ['colcon_meta']
[0.307s] Level 1:colcon.colcon_core.package_identification:_identify(src) by extension 'colcon_meta'
[0.307s] Level 1:colcon.colcon_core.package_identification:_identify(src) by extensions ['ros']
[0.307s] Level 1:colcon.colcon_core.package_identification:_identify(src) by extension 'ros'
[0.307s] Level 1:colcon.colcon_core.package_identification:_identify(src) by extensions ['cmake', 'python']
[0.307s] Level 1:colcon.colcon_core.package_identification:_identify(src) by extension 'cmake'
[0.307s] Level 1:colcon.colcon_core.package_identification:_identify(src) by extension 'python'
[0.307s] Level 1:colcon.colcon_core.package_identification:_identify(src) by extensions ['python_setup_py']
[0.307s] Level 1:colcon.colcon_core.package_identification:_identify(src) by extension 'python_setup_py'
[0.307s] Level 1:colcon.colcon_core.package_identification:_identify(src/Dataset) by extensions ['ignore', 'ignore_ament_install']
[0.307s] Level 1:colcon.colcon_core.package_identification:_identify(src/Dataset) by extension 'ignore'
[0.307s] Level 1:colcon.colcon_core.package_identification:_identify(src/Dataset) by extension 'ignore_ament_install'
[0.307s] Level 1:colcon.colcon_core.package_identification:_identify(src/Dataset) by extensions ['colcon_pkg']
[0.307s] Level 1:colcon.colcon_core.package_identification:_identify(src/Dataset) by extension 'colcon_pkg'
[0.307s] Level 1:colcon.colcon_core.package_identification:_identify(src/Dataset) by extensions ['colcon_meta']
[0.307s] Level 1:colcon.colcon_core.package_identification:_identify(src/Dataset) by extension 'colcon_meta'
[0.307s] Level 1:colcon.colcon_core.package_identification:_identify(src/Dataset) by extensions ['ros']
[0.307s] Level 1:colcon.colcon_core.package_identification:_identify(src/Dataset) by extension 'ros'
[0.307s] Level 1:colcon.colcon_core.package_identification:_identify(src/Dataset) by extensions ['cmake', 'python']
[0.307s] Level 1:colcon.colcon_core.package_identification:_identify(src/Dataset) by extension 'cmake'
[0.307s] Level 1:colcon.colcon_core.package_identification:_identify(src/Dataset) by extension 'python'
[0.307s] Level 1:colcon.colcon_core.package_identification:_identify(src/Dataset) by extensions ['python_setup_py']
[0.307s] Level 1:colcon.colcon_core.package_identification:_identify(src/Dataset) by extension 'python_setup_py'
[0.307s] Level 1:colcon.colcon_core.package_identification:_identify(src/Dataset/test) by extensions ['ignore', 'ignore_ament_install']
[0.307s] Level 1:colcon.colcon_core.package_identification:_identify(src/Dataset/test) by extension 'ignore'
[0.308s] Level 1:colcon.colcon_core.package_identification:_identify(src/Dataset/test) by extension 'ignore_ament_install'
[0.308s] Level 1:colcon.colcon_core.package_identification:_identify(src/Dataset/test) by extensions ['colcon_pkg']
[0.308s] Level 1:colcon.colcon_core.package_identification:_identify(src/Dataset/test) by extension 'colcon_pkg'
[0.308s] Level 1:colcon.colcon_core.package_identification:_identify(src/Dataset/test) by extensions ['colcon_meta']
[0.308s] Level 1:colcon.colcon_core.package_identification:_identify(src/Dataset/test) by extension 'colcon_meta'
[0.308s] Level 1:colcon.colcon_core.package_identification:_identify(src/Dataset/test) by extensions ['ros']
[0.308s] Level 1:colcon.colcon_core.package_identification:_identify(src/Dataset/test) by extension 'ros'
[0.308s] Level 1:colcon.colcon_core.package_identification:_identify(src/Dataset/test) by extensions ['cmake', 'python']
[0.308s] Level 1:colcon.colcon_core.package_identification:_identify(src/Dataset/test) by extension 'cmake'
[0.308s] Level 1:colcon.colcon_core.package_identification:_identify(src/Dataset/test) by extension 'python'
[0.308s] Level 1:colcon.colcon_core.package_identification:_identify(src/Dataset/test) by extensions ['python_setup_py']
[0.308s] Level 1:colcon.colcon_core.package_identification:_identify(src/Dataset/test) by extension 'python_setup_py'
[0.308s] Level 1:colcon.colcon_core.package_identification:_identify(src/Dataset/test/images) by extensions ['ignore', 'ignore_ament_install']
[0.308s] Level 1:colcon.colcon_core.package_identification:_identify(src/Dataset/test/images) by extension 'ignore'
[0.308s] Level 1:colcon.colcon_core.package_identification:_identify(src/Dataset/test/images) by extension 'ignore_ament_install'
[0.308s] Level 1:colcon.colcon_core.package_identification:_identify(src/Dataset/test/images) by extensions ['colcon_pkg']
[0.308s] Level 1:colcon.colcon_core.package_identification:_identify(src/Dataset/test/images) by extension 'colcon_pkg'
[0.308s] Level 1:colcon.colcon_core.package_identification:_identify(src/Dataset/test/images) by extensions ['colcon_meta']
[0.308s] Level 1:colcon.colcon_core.package_identification:_identify(src/Dataset/test/images) by extension 'colcon_meta'
[0.308s] Level 1:colcon.colcon_core.package_identification:_identify(src/Dataset/test/images) by extensions ['ros']
[0.308s] Level 1:colcon.colcon_core.package_identification:_identify(src/Dataset/test/images) by extension 'ros'
[0.308s] Level 1:colcon.colcon_core.package_identification:_identify(src/Dataset/test/images) by extensions ['cmake', 'python']
[0.308s] Level 1:colcon.colcon_core.package_identification:_identify(src/Dataset/test/images) by extension 'cmake'
[0.309s] Level 1:colcon.colcon_core.package_identification:_identify(src/Dataset/test/images) by extension 'python'
[0.309s] Level 1:colcon.colcon_core.package_identification:_identify(src/Dataset/test/images) by extensions ['python_setup_py']
[0.309s] Level 1:colcon.colcon_core.package_identification:_identify(src/Dataset/test/images) by extension 'python_setup_py'
[0.309s] Level 1:colcon.colcon_core.package_identification:_identify(src/Dataset/test/labels) by extensions ['ignore', 'ignore_ament_install']
[0.309s] Level 1:colcon.colcon_core.package_identification:_identify(src/Dataset/test/labels) by extension 'ignore'
[0.309s] Level 1:colcon.colcon_core.package_identification:_identify(src/Dataset/test/labels) by extension 'ignore_ament_install'
[0.309s] Level 1:colcon.colcon_core.package_identification:_identify(src/Dataset/test/labels) by extensions ['colcon_pkg']
[0.309s] Level 1:colcon.colcon_core.package_identification:_identify(src/Dataset/test/labels) by extension 'colcon_pkg'
[0.309s] Level 1:colcon.colcon_core.package_identification:_identify(src/Dataset/test/labels) by extensions ['colcon_meta']
[0.309s] Level 1:colcon.colcon_core.package_identification:_identify(src/Dataset/test/labels) by extension 'colcon_meta'
[0.309s] Level 1:colcon.colcon_core.package_identification:_identify(src/Dataset/test/labels) by extensions ['ros']
[0.309s] Level 1:colcon.colcon_core.package_identification:_identify(src/Dataset/test/labels) by extension 'ros'
[0.309s] Level 1:colcon.colcon_core.package_identification:_identify(src/Dataset/test/labels) by extensions ['cmake', 'python']
[0.309s] Level 1:colcon.colcon_core.package_identification:_identify(src/Dataset/test/labels) by extension 'cmake'
[0.309s] Level 1:colcon.colcon_core.package_identification:_identify(src/Dataset/test/labels) by extension 'python'
[0.309s] Level 1:colcon.colcon_core.package_identification:_identify(src/Dataset/test/labels) by extensions ['python_setup_py']
[0.309s] Level 1:colcon.colcon_core.package_identification:_identify(src/Dataset/test/labels) by extension 'python_setup_py'
[0.309s] Level 1:colcon.colcon_core.package_identification:_identify(src/Dataset/train) by extensions ['ignore', 'ignore_ament_install']
[0.309s] Level 1:colcon.colcon_core.package_identification:_identify(src/Dataset/train) by extension 'ignore'
[0.309s] Level 1:colcon.colcon_core.package_identification:_identify(src/Dataset/train) by extension 'ignore_ament_install'
[0.309s] Level 1:colcon.colcon_core.package_identification:_identify(src/Dataset/train) by extensions ['colcon_pkg']
[0.309s] Level 1:colcon.colcon_core.package_identification:_identify(src/Dataset/train) by extension 'colcon_pkg'
[0.309s] Level 1:colcon.colcon_core.package_identification:_identify(src/Dataset/train) by extensions ['colcon_meta']
[0.310s] Level 1:colcon.colcon_core.package_identification:_identify(src/Dataset/train) by extension 'colcon_meta'
[0.310s] Level 1:colcon.colcon_core.package_identification:_identify(src/Dataset/train) by extensions ['ros']
[0.310s] Level 1:colcon.colcon_core.package_identification:_identify(src/Dataset/train) by extension 'ros'
[0.310s] Level 1:colcon.colcon_core.package_identification:_identify(src/Dataset/train) by extensions ['cmake', 'python']
[0.310s] Level 1:colcon.colcon_core.package_identification:_identify(src/Dataset/train) by extension 'cmake'
[0.310s] Level 1:colcon.colcon_core.package_identification:_identify(src/Dataset/train) by extension 'python'
[0.310s] Level 1:colcon.colcon_core.package_identification:_identify(src/Dataset/train) by extensions ['python_setup_py']
[0.310s] Level 1:colcon.colcon_core.package_identification:_identify(src/Dataset/train) by extension 'python_setup_py'
[0.310s] Level 1:colcon.colcon_core.package_identification:_identify(src/Dataset/train/images) by extensions ['ignore', 'ignore_ament_install']
[0.310s] Level 1:colcon.colcon_core.package_identification:_identify(src/Dataset/train/images) by extension 'ignore'
[0.310s] Level 1:colcon.colcon_core.package_identification:_identify(src/Dataset/train/images) by extension 'ignore_ament_install'
[0.310s] Level 1:colcon.colcon_core.package_identification:_identify(src/Dataset/train/images) by extensions ['colcon_pkg']
[0.311s] Level 1:colcon.colcon_core.package_identification:_identify(src/Dataset/train/images) by extension 'colcon_pkg'
[0.311s] Level 1:colcon.colcon_core.package_identification:_identify(src/Dataset/train/images) by extensions ['colcon_meta']
[0.311s] Level 1:colcon.colcon_core.package_identification:_identify(src/Dataset/train/images) by extension 'colcon_meta'
[0.311s] Level 1:colcon.colcon_core.package_identification:_identify(src/Dataset/train/images) by extensions ['ros']
[0.311s] Level 1:colcon.colcon_core.package_identification:_identify(src/Dataset/train/images) by extension 'ros'
[0.311s] Level 1:colcon.colcon_core.package_identification:_identify(src/Dataset/train/images) by extensions ['cmake', 'python']
[0.311s] Level 1:colcon.colcon_core.package_identification:_identify(src/Dataset/train/images) by extension 'cmake'
[0.311s] Level 1:colcon.colcon_core.package_identification:_identify(src/Dataset/train/images) by extension 'python'
[0.311s] Level 1:colcon.colcon_core.package_identification:_identify(src/Dataset/train/images) by extensions ['python_setup_py']
[0.311s] Level 1:colcon.colcon_core.package_identification:_identify(src/Dataset/train/images) by extension 'python_setup_py'
[0.311s] Level 1:colcon.colcon_core.package_identification:_identify(src/Dataset/train/labels) by extensions ['ignore', 'ignore_ament_install']
[0.311s] Level 1:colcon.colcon_core.package_identification:_identify(src/Dataset/train/labels) by extension 'ignore'
[0.312s] Level 1:colcon.colcon_core.package_identification:_identify(src/Dataset/train/labels) by extension 'ignore_ament_install'
[0.312s] Level 1:colcon.colcon_core.package_identification:_identify(src/Dataset/train/labels) by extensions ['colcon_pkg']
[0.312s] Level 1:colcon.colcon_core.package_identification:_identify(src/Dataset/train/labels) by extension 'colcon_pkg'
[0.312s] Level 1:colcon.colcon_core.package_identification:_identify(src/Dataset/train/labels) by extensions ['colcon_meta']
[0.312s] Level 1:colcon.colcon_core.package_identification:_identify(src/Dataset/train/labels) by extension 'colcon_meta'
[0.312s] Level 1:colcon.colcon_core.package_identification:_identify(src/Dataset/train/labels) by extensions ['ros']
[0.312s] Level 1:colcon.colcon_core.package_identification:_identify(src/Dataset/train/labels) by extension 'ros'
[0.312s] Level 1:colcon.colcon_core.package_identification:_identify(src/Dataset/train/labels) by extensions ['cmake', 'python']
[0.312s] Level 1:colcon.colcon_core.package_identification:_identify(src/Dataset/train/labels) by extension 'cmake'
[0.312s] Level 1:colcon.colcon_core.package_identification:_identify(src/Dataset/train/labels) by extension 'python'
[0.312s] Level 1:colcon.colcon_core.package_identification:_identify(src/Dataset/train/labels) by extensions ['python_setup_py']
[0.312s] Level 1:colcon.colcon_core.package_identification:_identify(src/Dataset/train/labels) by extension 'python_setup_py'
[0.312s] Level 1:colcon.colcon_core.package_identification:_identify(src/Dataset/valid) by extensions ['ignore', 'ignore_ament_install']
[0.312s] Level 1:colcon.colcon_core.package_identification:_identify(src/Dataset/valid) by extension 'ignore'
[0.312s] Level 1:colcon.colcon_core.package_identification:_identify(src/Dataset/valid) by extension 'ignore_ament_install'
[0.312s] Level 1:colcon.colcon_core.package_identification:_identify(src/Dataset/valid) by extensions ['colcon_pkg']
[0.312s] Level 1:colcon.colcon_core.package_identification:_identify(src/Dataset/valid) by extension 'colcon_pkg'
[0.312s] Level 1:colcon.colcon_core.package_identification:_identify(src/Dataset/valid) by extensions ['colcon_meta']
[0.312s] Level 1:colcon.colcon_core.package_identification:_identify(src/Dataset/valid) by extension 'colcon_meta'
[0.312s] Level 1:colcon.colcon_core.package_identification:_identify(src/Dataset/valid) by extensions ['ros']
[0.312s] Level 1:colcon.colcon_core.package_identification:_identify(src/Dataset/valid) by extension 'ros'
[0.312s] Level 1:colcon.colcon_core.package_identification:_identify(src/Dataset/valid) by extensions ['cmake', 'python']
[0.312s] Level 1:colcon.colcon_core.package_identification:_identify(src/Dataset/valid) by extension 'cmake'
[0.312s] Level 1:colcon.colcon_core.package_identification:_identify(src/Dataset/valid) by extension 'python'
[0.312s] Level 1:colcon.colcon_core.package_identification:_identify(src/Dataset/valid) by extensions ['python_setup_py']
[0.312s] Level 1:colcon.colcon_core.package_identification:_identify(src/Dataset/valid) by extension 'python_setup_py'
[0.313s] Level 1:colcon.colcon_core.package_identification:_identify(src/Dataset/valid/images) by extensions ['ignore', 'ignore_ament_install']
[0.313s] Level 1:colcon.colcon_core.package_identification:_identify(src/Dataset/valid/images) by extension 'ignore'
[0.313s] Level 1:colcon.colcon_core.package_identification:_identify(src/Dataset/valid/images) by extension 'ignore_ament_install'
[0.313s] Level 1:colcon.colcon_core.package_identification:_identify(src/Dataset/valid/images) by extensions ['colcon_pkg']
[0.313s] Level 1:colcon.colcon_core.package_identification:_identify(src/Dataset/valid/images) by extension 'colcon_pkg'
[0.313s] Level 1:colcon.colcon_core.package_identification:_identify(src/Dataset/valid/images) by extensions ['colcon_meta']
[0.313s] Level 1:colcon.colcon_core.package_identification:_identify(src/Dataset/valid/images) by extension 'colcon_meta'
[0.313s] Level 1:colcon.colcon_core.package_identification:_identify(src/Dataset/valid/images) by extensions ['ros']
[0.313s] Level 1:colcon.colcon_core.package_identification:_identify(src/Dataset/valid/images) by extension 'ros'
[0.313s] Level 1:colcon.colcon_core.package_identification:_identify(src/Dataset/valid/images) by extensions ['cmake', 'python']
[0.313s] Level 1:colcon.colcon_core.package_identification:_identify(src/Dataset/valid/images) by extension 'cmake'
[0.313s] Level 1:colcon.colcon_core.package_identification:_identify(src/Dataset/valid/images) by extension 'python'
[0.313s] Level 1:colcon.colcon_core.package_identification:_identify(src/Dataset/valid/images) by extensions ['python_setup_py']
[0.313s] Level 1:colcon.colcon_core.package_identification:_identify(src/Dataset/valid/images) by extension 'python_setup_py'
[0.313s] Level 1:colcon.colcon_core.package_identification:_identify(src/Dataset/valid/labels) by extensions ['ignore', 'ignore_ament_install']
[0.313s] Level 1:colcon.colcon_core.package_identification:_identify(src/Dataset/valid/labels) by extension 'ignore'
[0.313s] Level 1:colcon.colcon_core.package_identification:_identify(src/Dataset/valid/labels) by extension 'ignore_ament_install'
[0.313s] Level 1:colcon.colcon_core.package_identification:_identify(src/Dataset/valid/labels) by extensions ['colcon_pkg']
[0.313s] Level 1:colcon.colcon_core.package_identification:_identify(src/Dataset/valid/labels) by extension 'colcon_pkg'
[0.313s] Level 1:colcon.colcon_core.package_identification:_identify(src/Dataset/valid/labels) by extensions ['colcon_meta']
[0.313s] Level 1:colcon.colcon_core.package_identification:_identify(src/Dataset/valid/labels) by extension 'colcon_meta'
[0.313s] Level 1:colcon.colcon_core.package_identification:_identify(src/Dataset/valid/labels) by extensions ['ros']
[0.313s] Level 1:colcon.colcon_core.package_identification:_identify(src/Dataset/valid/labels) by extension 'ros'
[0.314s] Level 1:colcon.colcon_core.package_identification:_identify(src/Dataset/valid/labels) by extensions ['cmake', 'python']
[0.314s] Level 1:colcon.colcon_core.package_identification:_identify(src/Dataset/valid/labels) by extension 'cmake'
[0.314s] Level 1:colcon.colcon_core.package_identification:_identify(src/Dataset/valid/labels) by extension 'python'
[0.314s] Level 1:colcon.colcon_core.package_identification:_identify(src/Dataset/valid/labels) by extensions ['python_setup_py']
[0.314s] Level 1:colcon.colcon_core.package_identification:_identify(src/Dataset/valid/labels) by extension 'python_setup_py'
[0.314s] Level 1:colcon.colcon_core.package_identification:_identify(src/Object Detection) by extensions ['ignore', 'ignore_ament_install']
[0.314s] Level 1:colcon.colcon_core.package_identification:_identify(src/Object Detection) by extension 'ignore'
[0.314s] Level 1:colcon.colcon_core.package_identification:_identify(src/Object Detection) by extension 'ignore_ament_install'
[0.314s] Level 1:colcon.colcon_core.package_identification:_identify(src/Object Detection) by extensions ['colcon_pkg']
[0.314s] Level 1:colcon.colcon_core.package_identification:_identify(src/Object Detection) by extension 'colcon_pkg'
[0.314s] Level 1:colcon.colcon_core.package_identification:_identify(src/Object Detection) by extensions ['colcon_meta']
[0.314s] Level 1:colcon.colcon_core.package_identification:_identify(src/Object Detection) by extension 'colcon_meta'
[0.314s] Level 1:colcon.colcon_core.package_identification:_identify(src/Object Detection) by extensions ['ros']
[0.314s] Level 1:colcon.colcon_core.package_identification:_identify(src/Object Detection) by extension 'ros'
[0.314s] Level 1:colcon.colcon_core.package_identification:_identify(src/Object Detection) by extensions ['cmake', 'python']
[0.314s] Level 1:colcon.colcon_core.package_identification:_identify(src/Object Detection) by extension 'cmake'
[0.314s] Level 1:colcon.colcon_core.package_identification:_identify(src/Object Detection) by extension 'python'
[0.314s] Level 1:colcon.colcon_core.package_identification:_identify(src/Object Detection) by extensions ['python_setup_py']
[0.314s] Level 1:colcon.colcon_core.package_identification:_identify(src/Object Detection) by extension 'python_setup_py'
[0.315s] Level 1:colcon.colcon_core.package_identification:_identify(src/Pallets) by extensions ['ignore', 'ignore_ament_install']
[0.315s] Level 1:colcon.colcon_core.package_identification:_identify(src/Pallets) by extension 'ignore'
[0.315s] Level 1:colcon.colcon_core.package_identification:_identify(src/Pallets) by extension 'ignore_ament_install'
[0.315s] Level 1:colcon.colcon_core.package_identification:_identify(src/Pallets) by extensions ['colcon_pkg']
[0.315s] Level 1:colcon.colcon_core.package_identification:_identify(src/Pallets) by extension 'colcon_pkg'
[0.315s] Level 1:colcon.colcon_core.package_identification:_identify(src/Pallets) by extensions ['colcon_meta']
[0.315s] Level 1:colcon.colcon_core.package_identification:_identify(src/Pallets) by extension 'colcon_meta'
[0.315s] Level 1:colcon.colcon_core.package_identification:_identify(src/Pallets) by extensions ['ros']
[0.315s] Level 1:colcon.colcon_core.package_identification:_identify(src/Pallets) by extension 'ros'
[0.315s] Level 1:colcon.colcon_core.package_identification:_identify(src/Pallets) by extensions ['cmake', 'python']
[0.315s] Level 1:colcon.colcon_core.package_identification:_identify(src/Pallets) by extension 'cmake'
[0.315s] Level 1:colcon.colcon_core.package_identification:_identify(src/Pallets) by extension 'python'
[0.315s] Level 1:colcon.colcon_core.package_identification:_identify(src/Pallets) by extensions ['python_setup_py']
[0.315s] Level 1:colcon.colcon_core.package_identification:_identify(src/Pallets) by extension 'python_setup_py'
[0.315s] Level 1:colcon.colcon_core.package_identification:_identify(src/pallets_detection) by extensions ['ignore', 'ignore_ament_install']
[0.315s] Level 1:colcon.colcon_core.package_identification:_identify(src/pallets_detection) by extension 'ignore'
[0.315s] Level 1:colcon.colcon_core.package_identification:_identify(src/pallets_detection) by extension 'ignore_ament_install'
[0.315s] Level 1:colcon.colcon_core.package_identification:_identify(src/pallets_detection) by extensions ['colcon_pkg']
[0.315s] Level 1:colcon.colcon_core.package_identification:_identify(src/pallets_detection) by extension 'colcon_pkg'
[0.315s] Level 1:colcon.colcon_core.package_identification:_identify(src/pallets_detection) by extensions ['colcon_meta']
[0.315s] Level 1:colcon.colcon_core.package_identification:_identify(src/pallets_detection) by extension 'colcon_meta'
[0.315s] Level 1:colcon.colcon_core.package_identification:_identify(src/pallets_detection) by extensions ['ros']
[0.315s] Level 1:colcon.colcon_core.package_identification:_identify(src/pallets_detection) by extension 'ros'
[0.318s] DEBUG:colcon.colcon_core.package_identification:Package 'src/pallets_detection' with type 'ros.ament_python' and name 'pallets_detection'
[0.318s] Level 1:colcon.colcon_core.package_identification:_identify(src/results) by extensions ['ignore', 'ignore_ament_install']
[0.318s] Level 1:colcon.colcon_core.package_identification:_identify(src/results) by extension 'ignore'
[0.318s] Level 1:colcon.colcon_core.package_identification:_identify(src/results) by extension 'ignore_ament_install'
[0.318s] Level 1:colcon.colcon_core.package_identification:_identify(src/results) by extensions ['colcon_pkg']
[0.318s] Level 1:colcon.colcon_core.package_identification:_identify(src/results) by extension 'colcon_pkg'
[0.318s] Level 1:colcon.colcon_core.package_identification:_identify(src/results) by extensions ['colcon_meta']
[0.318s] Level 1:colcon.colcon_core.package_identification:_identify(src/results) by extension 'colcon_meta'
[0.318s] Level 1:colcon.colcon_core.package_identification:_identify(src/results) by extensions ['ros']
[0.318s] Level 1:colcon.colcon_core.package_identification:_identify(src/results) by extension 'ros'
[0.318s] Level 1:colcon.colcon_core.package_identification:_identify(src/results) by extensions ['cmake', 'python']
[0.318s] Level 1:colcon.colcon_core.package_identification:_identify(src/results) by extension 'cmake'
[0.318s] Level 1:colcon.colcon_core.package_identification:_identify(src/results) by extension 'python'
[0.318s] Level 1:colcon.colcon_core.package_identification:_identify(src/results) by extensions ['python_setup_py']
[0.318s] Level 1:colcon.colcon_core.package_identification:_identify(src/results) by extension 'python_setup_py'
[0.318s] Level 1:colcon.colcon_core.package_identification:_identify(src/results/train3) by extensions ['ignore', 'ignore_ament_install']
[0.318s] Level 1:colcon.colcon_core.package_identification:_identify(src/results/train3) by extension 'ignore'
[0.318s] Level 1:colcon.colcon_core.package_identification:_identify(src/results/train3) by extension 'ignore_ament_install'
[0.318s] Level 1:colcon.colcon_core.package_identification:_identify(src/results/train3) by extensions ['colcon_pkg']
[0.318s] Level 1:colcon.colcon_core.package_identification:_identify(src/results/train3) by extension 'colcon_pkg'
[0.318s] Level 1:colcon.colcon_core.package_identification:_identify(src/results/train3) by extensions ['colcon_meta']
[0.319s] Level 1:colcon.colcon_core.package_identification:_identify(src/results/train3) by extension 'colcon_meta'
[0.319s] Level 1:colcon.colcon_core.package_identification:_identify(src/results/train3) by extensions ['ros']
[0.319s] Level 1:colcon.colcon_core.package_identification:_identify(src/results/train3) by extension 'ros'
[0.319s] Level 1:colcon.colcon_core.package_identification:_identify(src/results/train3) by extensions ['cmake', 'python']
[0.319s] Level 1:colcon.colcon_core.package_identification:_identify(src/results/train3) by extension 'cmake'
[0.319s] Level 1:colcon.colcon_core.package_identification:_identify(src/results/train3) by extension 'python'
[0.319s] Level 1:colcon.colcon_core.package_identification:_identify(src/results/train3) by extensions ['python_setup_py']
[0.319s] Level 1:colcon.colcon_core.package_identification:_identify(src/results/train3) by extension 'python_setup_py'
[0.319s] Level 1:colcon.colcon_core.package_identification:_identify(src/results/train3/weights) by extensions ['ignore', 'ignore_ament_install']
[0.319s] Level 1:colcon.colcon_core.package_identification:_identify(src/results/train3/weights) by extension 'ignore'
[0.319s] Level 1:colcon.colcon_core.package_identification:_identify(src/results/train3/weights) by extension 'ignore_ament_install'
[0.319s] Level 1:colcon.colcon_core.package_identification:_identify(src/results/train3/weights) by extensions ['colcon_pkg']
[0.319s] Level 1:colcon.colcon_core.package_identification:_identify(src/results/train3/weights) by extension 'colcon_pkg'
[0.319s] Level 1:colcon.colcon_core.package_identification:_identify(src/results/train3/weights) by extensions ['colcon_meta']
[0.319s] Level 1:colcon.colcon_core.package_identification:_identify(src/results/train3/weights) by extension 'colcon_meta'
[0.319s] Level 1:colcon.colcon_core.package_identification:_identify(src/results/train3/weights) by extensions ['ros']
[0.319s] Level 1:colcon.colcon_core.package_identification:_identify(src/results/train3/weights) by extension 'ros'
[0.319s] Level 1:colcon.colcon_core.package_identification:_identify(src/results/train3/weights) by extensions ['cmake', 'python']
[0.319s] Level 1:colcon.colcon_core.package_identification:_identify(src/results/train3/weights) by extension 'cmake'
[0.319s] Level 1:colcon.colcon_core.package_identification:_identify(src/results/train3/weights) by extension 'python'
[0.319s] Level 1:colcon.colcon_core.package_identification:_identify(src/results/train3/weights) by extensions ['python_setup_py']
[0.319s] Level 1:colcon.colcon_core.package_identification:_identify(src/results/train3/weights) by extension 'python_setup_py'
[0.319s] Level 1:colcon.colcon_core.package_identification:_identify(src/runs) by extensions ['ignore', 'ignore_ament_install']
[0.319s] Level 1:colcon.colcon_core.package_identification:_identify(src/runs) by extension 'ignore'
[0.319s] Level 1:colcon.colcon_core.package_identification:_identify(src/runs) by extension 'ignore_ament_install'
[0.319s] Level 1:colcon.colcon_core.package_identification:_identify(src/runs) by extensions ['colcon_pkg']
[0.320s] Level 1:colcon.colcon_core.package_identification:_identify(src/runs) by extension 'colcon_pkg'
[0.320s] Level 1:colcon.colcon_core.package_identification:_identify(src/runs) by extensions ['colcon_meta']
[0.320s] Level 1:colcon.colcon_core.package_identification:_identify(src/runs) by extension 'colcon_meta'
[0.320s] Level 1:colcon.colcon_core.package_identification:_identify(src/runs) by extensions ['ros']
[0.320s] Level 1:colcon.colcon_core.package_identification:_identify(src/runs) by extension 'ros'
[0.320s] Level 1:colcon.colcon_core.package_identification:_identify(src/runs) by extensions ['cmake', 'python']
[0.320s] Level 1:colcon.colcon_core.package_identification:_identify(src/runs) by extension 'cmake'
[0.320s] Level 1:colcon.colcon_core.package_identification:_identify(src/runs) by extension 'python'
[0.320s] Level 1:colcon.colcon_core.package_identification:_identify(src/runs) by extensions ['python_setup_py']
[0.320s] Level 1:colcon.colcon_core.package_identification:_identify(src/runs) by extension 'python_setup_py'
[0.320s] Level 1:colcon.colcon_core.package_identification:_identify(src/runs/segment) by extensions ['ignore', 'ignore_ament_install']
[0.320s] Level 1:colcon.colcon_core.package_identification:_identify(src/runs/segment) by extension 'ignore'
[0.320s] Level 1:colcon.colcon_core.package_identification:_identify(src/runs/segment) by extension 'ignore_ament_install'
[0.320s] Level 1:colcon.colcon_core.package_identification:_identify(src/runs/segment) by extensions ['colcon_pkg']
[0.320s] Level 1:colcon.colcon_core.package_identification:_identify(src/runs/segment) by extension 'colcon_pkg'
[0.320s] Level 1:colcon.colcon_core.package_identification:_identify(src/runs/segment) by extensions ['colcon_meta']
[0.320s] Level 1:colcon.colcon_core.package_identification:_identify(src/runs/segment) by extension 'colcon_meta'
[0.320s] Level 1:colcon.colcon_core.package_identification:_identify(src/runs/segment) by extensions ['ros']
[0.320s] Level 1:colcon.colcon_core.package_identification:_identify(src/runs/segment) by extension 'ros'
[0.320s] Level 1:colcon.colcon_core.package_identification:_identify(src/runs/segment) by extensions ['cmake', 'python']
[0.320s] Level 1:colcon.colcon_core.package_identification:_identify(src/runs/segment) by extension 'cmake'
[0.320s] Level 1:colcon.colcon_core.package_identification:_identify(src/runs/segment) by extension 'python'
[0.320s] Level 1:colcon.colcon_core.package_identification:_identify(src/runs/segment) by extensions ['python_setup_py']
[0.320s] Level 1:colcon.colcon_core.package_identification:_identify(src/runs/segment) by extension 'python_setup_py'
[0.320s] Level 1:colcon.colcon_core.package_identification:_identify(src/runs/segment/train) by extensions ['ignore', 'ignore_ament_install']
[0.320s] Level 1:colcon.colcon_core.package_identification:_identify(src/runs/segment/train) by extension 'ignore'
[0.320s] Level 1:colcon.colcon_core.package_identification:_identify(src/runs/segment/train) by extension 'ignore_ament_install'
[0.321s] Level 1:colcon.colcon_core.package_identification:_identify(src/runs/segment/train) by extensions ['colcon_pkg']
[0.321s] Level 1:colcon.colcon_core.package_identification:_identify(src/runs/segment/train) by extension 'colcon_pkg'
[0.321s] Level 1:colcon.colcon_core.package_identification:_identify(src/runs/segment/train) by extensions ['colcon_meta']
[0.321s] Level 1:colcon.colcon_core.package_identification:_identify(src/runs/segment/train) by extension 'colcon_meta'
[0.321s] Level 1:colcon.colcon_core.package_identification:_identify(src/runs/segment/train) by extensions ['ros']
[0.321s] Level 1:colcon.colcon_core.package_identification:_identify(src/runs/segment/train) by extension 'ros'
[0.321s] Level 1:colcon.colcon_core.package_identification:_identify(src/runs/segment/train) by extensions ['cmake', 'python']
[0.321s] Level 1:colcon.colcon_core.package_identification:_identify(src/runs/segment/train) by extension 'cmake'
[0.321s] Level 1:colcon.colcon_core.package_identification:_identify(src/runs/segment/train) by extension 'python'
[0.321s] Level 1:colcon.colcon_core.package_identification:_identify(src/runs/segment/train) by extensions ['python_setup_py']
[0.321s] Level 1:colcon.colcon_core.package_identification:_identify(src/runs/segment/train) by extension 'python_setup_py'
[0.321s] Level 1:colcon.colcon_core.package_identification:_identify(src/runs/segment/train/weights) by extensions ['ignore', 'ignore_ament_install']
[0.321s] Level 1:colcon.colcon_core.package_identification:_identify(src/runs/segment/train/weights) by extension 'ignore'
[0.321s] Level 1:colcon.colcon_core.package_identification:_identify(src/runs/segment/train/weights) by extension 'ignore_ament_install'
[0.321s] Level 1:colcon.colcon_core.package_identification:_identify(src/runs/segment/train/weights) by extensions ['colcon_pkg']
[0.321s] Level 1:colcon.colcon_core.package_identification:_identify(src/runs/segment/train/weights) by extension 'colcon_pkg'
[0.321s] Level 1:colcon.colcon_core.package_identification:_identify(src/runs/segment/train/weights) by extensions ['colcon_meta']
[0.321s] Level 1:colcon.colcon_core.package_identification:_identify(src/runs/segment/train/weights) by extension 'colcon_meta'
[0.321s] Level 1:colcon.colcon_core.package_identification:_identify(src/runs/segment/train/weights) by extensions ['ros']
[0.321s] Level 1:colcon.colcon_core.package_identification:_identify(src/runs/segment/train/weights) by extension 'ros'
[0.321s] Level 1:colcon.colcon_core.package_identification:_identify(src/runs/segment/train/weights) by extensions ['cmake', 'python']
[0.321s] Level 1:colcon.colcon_core.package_identification:_identify(src/runs/segment/train/weights) by extension 'cmake'
[0.321s] Level 1:colcon.colcon_core.package_identification:_identify(src/runs/segment/train/weights) by extension 'python'
[0.321s] Level 1:colcon.colcon_core.package_identification:_identify(src/runs/segment/train/weights) by extensions ['python_setup_py']
[0.321s] Level 1:colcon.colcon_core.package_identification:_identify(src/runs/segment/train/weights) by extension 'python_setup_py'
[0.322s] Level 1:colcon.colcon_core.package_identification:_identify(src/runs/segment/train2) by extensions ['ignore', 'ignore_ament_install']
[0.322s] Level 1:colcon.colcon_core.package_identification:_identify(src/runs/segment/train2) by extension 'ignore'
[0.322s] Level 1:colcon.colcon_core.package_identification:_identify(src/runs/segment/train2) by extension 'ignore_ament_install'
[0.322s] Level 1:colcon.colcon_core.package_identification:_identify(src/runs/segment/train2) by extensions ['colcon_pkg']
[0.322s] Level 1:colcon.colcon_core.package_identification:_identify(src/runs/segment/train2) by extension 'colcon_pkg'
[0.322s] Level 1:colcon.colcon_core.package_identification:_identify(src/runs/segment/train2) by extensions ['colcon_meta']
[0.322s] Level 1:colcon.colcon_core.package_identification:_identify(src/runs/segment/train2) by extension 'colcon_meta'
[0.322s] Level 1:colcon.colcon_core.package_identification:_identify(src/runs/segment/train2) by extensions ['ros']
[0.322s] Level 1:colcon.colcon_core.package_identification:_identify(src/runs/segment/train2) by extension 'ros'
[0.322s] Level 1:colcon.colcon_core.package_identification:_identify(src/runs/segment/train2) by extensions ['cmake', 'python']
[0.322s] Level 1:colcon.colcon_core.package_identification:_identify(src/runs/segment/train2) by extension 'cmake'
[0.322s] Level 1:colcon.colcon_core.package_identification:_identify(src/runs/segment/train2) by extension 'python'
[0.322s] Level 1:colcon.colcon_core.package_identification:_identify(src/runs/segment/train2) by extensions ['python_setup_py']
[0.322s] Level 1:colcon.colcon_core.package_identification:_identify(src/runs/segment/train2) by extension 'python_setup_py'
[0.322s] Level 1:colcon.colcon_core.package_identification:_identify(src/test) by extensions ['ignore', 'ignore_ament_install']
[0.322s] Level 1:colcon.colcon_core.package_identification:_identify(src/test) by extension 'ignore'
[0.322s] Level 1:colcon.colcon_core.package_identification:_identify(src/test) by extension 'ignore_ament_install'
[0.322s] Level 1:colcon.colcon_core.package_identification:_identify(src/test) by extensions ['colcon_pkg']
[0.322s] Level 1:colcon.colcon_core.package_identification:_identify(src/test) by extension 'colcon_pkg'
[0.322s] Level 1:colcon.colcon_core.package_identification:_identify(src/test) by extensions ['colcon_meta']
[0.322s] Level 1:colcon.colcon_core.package_identification:_identify(src/test) by extension 'colcon_meta'
[0.322s] Level 1:colcon.colcon_core.package_identification:_identify(src/test) by extensions ['ros']
[0.322s] Level 1:colcon.colcon_core.package_identification:_identify(src/test) by extension 'ros'
[0.322s] Level 1:colcon.colcon_core.package_identification:_identify(src/test) by extensions ['cmake', 'python']
[0.322s] Level 1:colcon.colcon_core.package_identification:_identify(src/test) by extension 'cmake'
[0.322s] Level 1:colcon.colcon_core.package_identification:_identify(src/test) by extension 'python'
[0.323s] Level 1:colcon.colcon_core.package_identification:_identify(src/test) by extensions ['python_setup_py']
[0.323s] Level 1:colcon.colcon_core.package_identification:_identify(src/test) by extension 'python_setup_py'
[0.323s] Level 1:colcon.colcon_core.package_discovery:discover_packages(recursive) using defaults
[0.323s] Level 1:colcon.colcon_core.package_discovery:discover_packages(ignore) discover
[0.323s] Level 1:colcon.colcon_core.package_discovery:discover_packages(ignore) using defaults
[0.323s] Level 1:colcon.colcon_core.package_discovery:discover_packages(path) discover
[0.323s] Level 1:colcon.colcon_core.package_discovery:discover_packages(path) using defaults
[0.339s] Level 1:colcon.colcon_core.package_discovery:discover_packages(prefix_path) check parameters
[0.339s] Level 1:colcon.colcon_core.package_discovery:discover_packages(prefix_path) discover
[0.340s] DEBUG:colcon.colcon_installed_package_information.package_discovery:Found 1 installed packages in /home/minato/peer_ws/install
[0.342s] DEBUG:colcon.colcon_installed_package_information.package_discovery:Found 387 installed packages in /opt/ros/humble
[0.344s] Level 1:colcon.colcon_core.package_discovery:discover_packages(prefix_path) using defaults
[0.382s] Level 5:colcon.colcon_core.verb:set package 'pallets_detection' build argument 'cmake_args' from command line to 'None'
[0.382s] Level 5:colcon.colcon_core.verb:set package 'pallets_detection' build argument 'cmake_target' from command line to 'None'
[0.382s] Level 5:colcon.colcon_core.verb:set package 'pallets_detection' build argument 'cmake_target_skip_unavailable' from command line to 'False'
[0.382s] Level 5:colcon.colcon_core.verb:set package 'pallets_detection' build argument 'cmake_clean_cache' from command line to 'False'
[0.382s] Level 5:colcon.colcon_core.verb:set package 'pallets_detection' build argument 'cmake_clean_first' from command line to 'False'
[0.382s] Level 5:colcon.colcon_core.verb:set package 'pallets_detection' build argument 'cmake_force_configure' from command line to 'False'
[0.382s] Level 5:colcon.colcon_core.verb:set package 'pallets_detection' build argument 'ament_cmake_args' from command line to 'None'
[0.382s] Level 5:colcon.colcon_core.verb:set package 'pallets_detection' build argument 'catkin_cmake_args' from command line to 'None'
[0.382s] Level 5:colcon.colcon_core.verb:set package 'pallets_detection' build argument 'catkin_skip_building_tests' from command line to 'False'
[0.382s] DEBUG:colcon.colcon_core.verb:Building package 'pallets_detection' with the following arguments: {'ament_cmake_args': None, 'build_base': '/home/minato/peer_ws/build/pallets_detection', 'catkin_cmake_args': None, 'catkin_skip_building_tests': False, 'cmake_args': None, 'cmake_clean_cache': False, 'cmake_clean_first': False, 'cmake_force_configure': False, 'cmake_target': None, 'cmake_target_skip_unavailable': False, 'install_base': '/home/minato/peer_ws/install/pallets_detection', 'merge_install': False, 'path': '/home/minato/peer_ws/src/pallets_detection', 'symlink_install': True, 'test_result_base': None}
[0.382s] INFO:colcon.colcon_core.executor:Executing jobs using 'parallel' executor
[0.383s] DEBUG:colcon.colcon_parallel_executor.executor.parallel:run_until_complete
[0.384s] INFO:colcon.colcon_ros.task.ament_python.build:Building ROS package in '/home/minato/peer_ws/src/pallets_detection' with build type 'ament_python'
[0.384s] Level 1:colcon.colcon_core.shell:create_environment_hook('pallets_detection', 'ament_prefix_path')
[0.386s] INFO:colcon.colcon_core.plugin_system:Skipping extension 'colcon_core.shell.bat': Not used on non-Windows systems
[0.386s] INFO:colcon.colcon_core.shell:Creating environment hook '/home/minato/peer_ws/install/pallets_detection/share/pallets_detection/hook/ament_prefix_path.ps1'
[0.386s] INFO:colcon.colcon_core.shell:Creating environment descriptor '/home/minato/peer_ws/install/pallets_detection/share/pallets_detection/hook/ament_prefix_path.dsv'
[0.387s] INFO:colcon.colcon_core.shell:Creating environment hook '/home/minato/peer_ws/install/pallets_detection/share/pallets_detection/hook/ament_prefix_path.sh'
[0.387s] INFO:colcon.colcon_core.shell:Skip shell extension 'powershell' for command environment: Not usable outside of PowerShell
[0.387s] DEBUG:colcon.colcon_core.shell:Skip shell extension 'dsv' for command environment
[0.664s] INFO:colcon.colcon_core.task.python.build:Building Python package in '/home/minato/peer_ws/src/pallets_detection'
[0.664s] INFO:colcon.colcon_core.shell:Skip shell extension 'powershell' for command environment: Not usable outside of PowerShell
[0.664s] DEBUG:colcon.colcon_core.shell:Skip shell extension 'dsv' for command environment
[1.044s] DEBUG:colcon.colcon_core.event_handler.log_command:Invoking command in '/home/minato/peer_ws/build/pallets_detection': PYTHONPATH=/home/minato/peer_ws/build/pallets_detection/prefix_override:/usr/lib/python3/dist-packages/colcon_core/task/python/colcon_distutils_commands:/home/minato/peer_ws/install/pallets_detection/lib/python3.10/site-packages:${PYTHONPATH} VIRTUAL_ENV_PROMPT=(peer) /usr/bin/python3 -W ignore:setup.py install is deprecated setup.py develop --editable --build-directory /home/minato/peer_ws/build/pallets_detection/build --no-deps symlink_data
[1.549s] Level 1:colcon.colcon_core.shell:create_environment_hook('pallets_detection', 'pythonpath_develop')
[1.549s] INFO:colcon.colcon_core.shell:Creating environment hook '/home/minato/peer_ws/build/pallets_detection/share/pallets_detection/hook/pythonpath_develop.ps1'
[1.549s] DEBUG:colcon.colcon_core.event_handler.log_command:Invoked command in '/home/minato/peer_ws/build/pallets_detection' returned '0': PYTHONPATH=/home/minato/peer_ws/build/pallets_detection/prefix_override:/usr/lib/python3/dist-packages/colcon_core/task/python/colcon_distutils_commands:/home/minato/peer_ws/install/pallets_detection/lib/python3.10/site-packages:${PYTHONPATH} VIRTUAL_ENV_PROMPT=(peer) /usr/bin/python3 -W ignore:setup.py install is deprecated setup.py develop --editable --build-directory /home/minato/peer_ws/build/pallets_detection/build --no-deps symlink_data
[1.550s] INFO:colcon.colcon_core.shell:Creating environment descriptor '/home/minato/peer_ws/build/pallets_detection/share/pallets_detection/hook/pythonpath_develop.dsv'
[1.550s] INFO:colcon.colcon_core.shell:Creating environment hook '/home/minato/peer_ws/build/pallets_detection/share/pallets_detection/hook/pythonpath_develop.sh'
[1.552s] Level 1:colcon.colcon_core.environment:checking '/home/minato/peer_ws/install/pallets_detection' for CMake module files
[1.553s] Level 1:colcon.colcon_core.environment:checking '/home/minato/peer_ws/install/pallets_detection' for CMake config files
[1.553s] Level 1:colcon.colcon_core.environment:checking '/home/minato/peer_ws/install/pallets_detection/lib'
[1.553s] Level 1:colcon.colcon_core.environment:checking '/home/minato/peer_ws/install/pallets_detection/bin'
[1.553s] Level 1:colcon.colcon_core.environment:checking '/home/minato/peer_ws/install/pallets_detection/lib/pkgconfig/pallets_detection.pc'
[1.554s] Level 1:colcon.colcon_core.environment:checking '/home/minato/peer_ws/install/pallets_detection/lib/python3.10/site-packages'
[1.554s] Level 1:colcon.colcon_core.shell:create_environment_hook('pallets_detection', 'pythonpath')
[1.554s] INFO:colcon.colcon_core.shell:Creating environment hook '/home/minato/peer_ws/install/pallets_detection/share/pallets_detection/hook/pythonpath.ps1'
[1.554s] INFO:colcon.colcon_core.shell:Creating environment descriptor '/home/minato/peer_ws/install/pallets_detection/share/pallets_detection/hook/pythonpath.dsv'
[1.555s] INFO:colcon.colcon_core.shell:Creating environment hook '/home/minato/peer_ws/install/pallets_detection/share/pallets_detection/hook/pythonpath.sh'
[1.555s] Level 1:colcon.colcon_core.environment:checking '/home/minato/peer_ws/install/pallets_detection/bin'
[1.555s] Level 1:colcon.colcon_core.environment:create_environment_scripts_only(pallets_detection)
[1.555s] INFO:colcon.colcon_core.shell:Creating package script '/home/minato/peer_ws/install/pallets_detection/share/pallets_detection/package.ps1'
[1.556s] INFO:colcon.colcon_core.shell:Creating package descriptor '/home/minato/peer_ws/install/pallets_detection/share/pallets_detection/package.dsv'
[1.557s] INFO:colcon.colcon_core.shell:Creating package script '/home/minato/peer_ws/install/pallets_detection/share/pallets_detection/package.sh'
[1.557s] INFO:colcon.colcon_core.shell:Creating package script '/home/minato/peer_ws/install/pallets_detection/share/pallets_detection/package.bash'
[1.558s] INFO:colcon.colcon_core.shell:Creating package script '/home/minato/peer_ws/install/pallets_detection/share/pallets_detection/package.zsh'
[1.558s] Level 1:colcon.colcon_core.environment:create_file_with_runtime_dependencies(/home/minato/peer_ws/install/pallets_detection/share/colcon-core/packages/pallets_detection)
[1.559s] DEBUG:colcon.colcon_parallel_executor.executor.parallel:closing loop
[1.559s] DEBUG:colcon.colcon_parallel_executor.executor.parallel:loop closed
[1.559s] DEBUG:colcon.colcon_parallel_executor.executor.parallel:run_until_complete finished with '0'
[1.559s] DEBUG:colcon.colcon_core.event_reactor:joining thread
[1.563s] INFO:colcon.colcon_core.plugin_system:Skipping extension 'colcon_notification.desktop_notification.terminal_notifier': Not used on non-Darwin systems
[1.563s] INFO:colcon.colcon_core.plugin_system:Skipping extension 'colcon_notification.desktop_notification.win32': Not used on non-Windows systems
[1.563s] INFO:colcon.colcon_notification.desktop_notification:Sending desktop notification using 'notify2'
[1.576s] DEBUG:colcon.colcon_core.event_reactor:joined thread
[1.577s] INFO:colcon.colcon_core.shell:Creating prefix script '/home/minato/peer_ws/install/local_setup.ps1'
[1.578s] INFO:colcon.colcon_core.shell:Creating prefix util module '/home/minato/peer_ws/install/_local_setup_util_ps1.py'
[1.580s] INFO:colcon.colcon_core.shell:Creating prefix chain script '/home/minato/peer_ws/install/setup.ps1'
[1.581s] INFO:colcon.colcon_core.shell:Creating prefix script '/home/minato/peer_ws/install/local_setup.sh'
[1.582s] INFO:colcon.colcon_core.shell:Creating prefix util module '/home/minato/peer_ws/install/_local_setup_util_sh.py'
[1.582s] INFO:colcon.colcon_core.shell:Creating prefix chain script '/home/minato/peer_ws/install/setup.sh'
[1.583s] INFO:colcon.colcon_core.shell:Creating prefix script '/home/minato/peer_ws/install/local_setup.bash'
[1.584s] INFO:colcon.colcon_core.shell:Creating prefix chain script '/home/minato/peer_ws/install/setup.bash'
[1.584s] INFO:colcon.colcon_core.shell:Creating prefix script '/home/minato/peer_ws/install/local_setup.zsh'
[1.585s] INFO:colcon.colcon_core.shell:Creating prefix chain script '/home/minato/peer_ws/install/setup.zsh'
