running egg_info
creating ../../build/pallets_detection/pallets_detection.egg-info
writing manifest file '../../build/pallets_detection/pallets_detection.egg-info/SOURCES.txt'
writing manifest file '../../build/pallets_detection/pallets_detection.egg-info/SOURCES.txt'
running build
running build_py
creating /home/minato/peer_ws/build/pallets_detection/build
creating /home/minato/peer_ws/build/pallets_detection/build/lib
creating /home/minato/peer_ws/build/pallets_detection/build/lib/pallets_detection
copying pallets_detection/detection.py -> /home/minato/peer_ws/build/pallets_detection/build/lib/pallets_detection
copying pallets_detection/__init__.py -> /home/minato/peer_ws/build/pallets_detection/build/lib/pallets_detection
running install
running install_lib
creating /home/minato/peer_ws/install/pallets_detection/lib/python3.10/site-packages/pallets_detection
copying /home/minato/peer_ws/build/pallets_detection/build/lib/pallets_detection/detection.py -> /home/minato/peer_ws/install/pallets_detection/lib/python3.10/site-packages/pallets_detection
copying /home/minato/peer_ws/build/pallets_detection/build/lib/pallets_detection/__init__.py -> /home/minato/peer_ws/install/pallets_detection/lib/python3.10/site-packages/pallets_detection
byte-compiling /home/minato/peer_ws/install/pallets_detection/lib/python3.10/site-packages/pallets_detection/detection.py to detection.cpython-310.pyc
byte-compiling /home/minato/peer_ws/install/pallets_detection/lib/python3.10/site-packages/pallets_detection/__init__.py to __init__.cpython-310.pyc
running install_data
creating /home/minato/peer_ws/install/pallets_detection/share/ament_index
creating /home/minato/peer_ws/install/pallets_detection/share/ament_index/resource_index
creating /home/minato/peer_ws/install/pallets_detection/share/ament_index/resource_index/packages
copying resource/pallets_detection -> /home/minato/peer_ws/install/pallets_detection/share/ament_index/resource_index/packages
copying package.xml -> /home/minato/peer_ws/install/pallets_detection/share/pallets_detection
running install_egg_info
Copying ../../build/pallets_detection/pallets_detection.egg-info to /home/minato/peer_ws/install/pallets_detection/lib/python3.10/site-packages/pallets_detection-0.0.0-py3.10.egg-info
running install_scripts
writing list of installed files to '/home/minato/peer_ws/build/pallets_detection/install.log'
