[0.628s] Invoking command in '/home/minato/peer_ws/src/pallets_detection': PYTHONPATH=/home/minato/peer_ws/build/pallets_detection/prefix_override:/usr/lib/python3/dist-packages/colcon_core/task/python/colcon_distutils_commands:/home/minato/peer_ws/install/pallets_detection/lib/python3.10/site-packages:${PYTHONPATH} VIRTUAL_ENV_PROMPT=(peer) /usr/bin/python3 -W ignore:setup.py install is deprecated setup.py egg_info --egg-base ../../build/pallets_detection build --build-base /home/minato/peer_ws/build/pallets_detection/build install --record /home/minato/peer_ws/build/pallets_detection/install.log --single-version-externally-managed install_data
[0.861s] running egg_info
[0.864s] writing manifest file '../../build/pallets_detection/pallets_detection.egg-info/SOURCES.txt'
[0.864s] running build
[0.864s] running build_py
[0.864s] copying pallets_detection/camera_node.py -> /home/minato/peer_ws/build/pallets_detection/build/lib/pallets_detection
[0.864s] copying pallets_detection/detection.py -> /home/minato/peer_ws/build/pallets_detection/build/lib/pallets_detection
[0.864s] running install
[0.866s] running install_lib
[0.867s] copying /home/minato/peer_ws/build/pallets_detection/build/lib/pallets_detection/camera_node.py -> /home/minato/peer_ws/install/pallets_detection/lib/python3.10/site-packages/pallets_detection
[0.867s] copying /home/minato/peer_ws/build/pallets_detection/build/lib/pallets_detection/detection.py -> /home/minato/peer_ws/install/pallets_detection/lib/python3.10/site-packages/pallets_detection
[0.867s] byte-compiling /home/minato/peer_ws/install/pallets_detection/lib/python3.10/site-packages/pallets_detection/camera_node.py to camera_node.cpython-310.pyc
[0.868s] byte-compiling /home/minato/peer_ws/install/pallets_detection/lib/python3.10/site-packages/pallets_detection/detection.py to detection.cpython-310.pyc
[0.868s] running install_data
[0.868s] running install_egg_info
[0.870s] removing '/home/minato/peer_ws/install/pallets_detection/lib/python3.10/site-packages/pallets_detection-0.0.0-py3.10.egg-info' (and everything under it)
[0.870s] Copying ../../build/pallets_detection/pallets_detection.egg-info to /home/minato/peer_ws/install/pallets_detection/lib/python3.10/site-packages/pallets_detection-0.0.0-py3.10.egg-info
[0.871s] running install_scripts
[0.888s] writing list of installed files to '/home/minato/peer_ws/build/pallets_detection/install.log'
[0.916s] Invoked command in '/home/minato/peer_ws/src/pallets_detection' returned '0': PYTHONPATH=/home/minato/peer_ws/build/pallets_detection/prefix_override:/usr/lib/python3/dist-packages/colcon_core/task/python/colcon_distutils_commands:/home/minato/peer_ws/install/pallets_detection/lib/python3.10/site-packages:${PYTHONPATH} VIRTUAL_ENV_PROMPT=(peer) /usr/bin/python3 -W ignore:setup.py install is deprecated setup.py egg_info --egg-base ../../build/pallets_detection build --build-base /home/minato/peer_ws/build/pallets_detection/build install --record /home/minato/peer_ws/build/pallets_detection/install.log --single-version-externally-managed install_data
